0 info it worked if it ends with ok
1 verbose cli [ 'node', '/usr/local/bin/npm', 'install', 'chai-mocha' ]
2 info using npm@2.11.3
3 info using node@v0.12.7
4 verbose install initial load of /Users/EnemyBoss/DevLeague/TestSolveRefactorCommitChallenge/package.json
5 verbose installManyTop reading scoped package data from /Users/EnemyBoss/DevLeague/TestSolveRefactorCommitChallenge/node_modules/chai/package.json
6 verbose installManyTop reading scoped package data from /Users/EnemyBoss/DevLeague/TestSolveRefactorCommitChallenge/node_modules/mocha/package.json
7 verbose readDependencies loading dependencies from /Users/EnemyBoss/DevLeague/TestSolveRefactorCommitChallenge/package.json
8 silly cache add args [ 'chai-mocha', null ]
9 verbose cache add spec chai-mocha
10 silly cache add parsed spec { raw: 'chai-mocha',
10 silly cache add   scope: null,
10 silly cache add   name: 'chai-mocha',
10 silly cache add   rawSpec: '',
10 silly cache add   spec: '*',
10 silly cache add   type: 'range' }
11 silly addNamed chai-mocha@*
12 verbose addNamed "*" is a valid semver range for chai-mocha
13 silly addNameRange { name: 'chai-mocha', range: '*', hasData: false }
14 silly mapToRegistry name chai-mocha
15 silly mapToRegistry using default registry
16 silly mapToRegistry registry https://registry.npmjs.org/
17 silly mapToRegistry uri https://registry.npmjs.org/chai-mocha
18 verbose addNameRange registry:https://registry.npmjs.org/chai-mocha not in flight; fetching
19 verbose request uri https://registry.npmjs.org/chai-mocha
20 verbose request no auth needed
21 info attempt registry request try #1 at 9:38:00 AM
22 verbose request id f51c25b456e04def
23 http request GET https://registry.npmjs.org/chai-mocha
24 http 404 https://registry.npmjs.org/chai-mocha
25 verbose headers { 'content-type': 'application/json',
25 verbose headers   'cache-control': 'max-age=0',
25 verbose headers   'content-length': '2',
25 verbose headers   'accept-ranges': 'bytes',
25 verbose headers   date: 'Wed, 23 Sep 2015 19:38:00 GMT',
25 verbose headers   via: '1.1 varnish',
25 verbose headers   age: '0',
25 verbose headers   connection: 'keep-alive',
25 verbose headers   'x-served-by': 'cache-dfw1831-DFW',
25 verbose headers   'x-cache': 'MISS',
25 verbose headers   'x-cache-hits': '0',
25 verbose headers   'x-timer': 'S1443037080.755675,VS0,VE50' }
26 silly get cb [ 404,
26 silly get   { 'content-type': 'application/json',
26 silly get     'cache-control': 'max-age=0',
26 silly get     'content-length': '2',
26 silly get     'accept-ranges': 'bytes',
26 silly get     date: 'Wed, 23 Sep 2015 19:38:00 GMT',
26 silly get     via: '1.1 varnish',
26 silly get     age: '0',
26 silly get     connection: 'keep-alive',
26 silly get     'x-served-by': 'cache-dfw1831-DFW',
26 silly get     'x-cache': 'MISS',
26 silly get     'x-cache-hits': '0',
26 silly get     'x-timer': 'S1443037080.755675,VS0,VE50' } ]
27 verbose stack Error: Registry returned 404 for GET on https://registry.npmjs.org/chai-mocha
27 verbose stack     at CachingRegistryClient.<anonymous> (/usr/local/lib/node_modules/npm/node_modules/npm-registry-client/lib/request.js:239:14)
27 verbose stack     at Request._callback (/usr/local/lib/node_modules/npm/node_modules/npm-registry-client/lib/request.js:170:14)
27 verbose stack     at Request.self.callback (/usr/local/lib/node_modules/npm/node_modules/request/request.js:354:22)
27 verbose stack     at Request.emit (events.js:110:17)
27 verbose stack     at Request.<anonymous> (/usr/local/lib/node_modules/npm/node_modules/request/request.js:1207:14)
27 verbose stack     at Request.emit (events.js:129:20)
27 verbose stack     at IncomingMessage.<anonymous> (/usr/local/lib/node_modules/npm/node_modules/request/request.js:1153:12)
27 verbose stack     at IncomingMessage.emit (events.js:129:20)
27 verbose stack     at _stream_readable.js:908:16
27 verbose stack     at process._tickCallback (node.js:355:11)
28 verbose statusCode 404
29 verbose pkgid chai-mocha
30 verbose cwd /Users/EnemyBoss/DevLeague/TestSolveRefactorCommitChallenge
31 error Darwin 14.5.0
32 error argv "node" "/usr/local/bin/npm" "install" "chai-mocha"
33 error node v0.12.7
34 error npm  v2.11.3
35 error code E404
36 error 404 Registry returned 404 for GET on https://registry.npmjs.org/chai-mocha
36 error 404
36 error 404 'chai-mocha' is not in the npm registry.
36 error 404 You should bug the author to publish it (or use the name yourself!)
36 error 404
36 error 404 Note that you can also install from a
36 error 404 tarball, folder, http url, or git url.
37 verbose exit [ 1, true ]
